Benchmark Node
Reading options
{ dataset: '0Initial',
  protocol: 'WS',
  server: 'server.local',
  continuos: false,
  printHelp: [Function] }
soapClient_init
data-20170716-15.csv
data-20170716-16.csv
data-20170716-17.csv
data-20170716-18.csv
data-20170716-19.csv
data-20170716-20.csv
data-20170716-21.csv
I'm done!!
Files: 7
Samples: 2580480
Packets: 2520
Pending Messages 1
Pending Messages 1
Messages: 2520
Time: 243232.591456 ms
argv[0]: lpm
argv[1]: -o
argv[2]: NODE_SOAP_MEM_3.txt
argv[3]: -s
argv[4]: node
argv[5]: .
argv[6]: -d
argv[7]: 0Initial
argv[8]: -p
argv[9]: WS
Exec: node . -d 0Initial -p WS 
Monitors out to: NODE_SOAP_MEM_3.txt
Run Time: 246113 ms
Monitored data written to: NODE_SOAP_MEM_3.txt
