Benchmark Node
Reading options
{ dataset: '0Initial',
  protocol: 'WS',
  server: 'server.local',
  continuos: false,
  printHelp: [Function] }
soapClient_init
data-20170716-15.csv
{ Error: connect ENETUNREACH 192.168.1.3:9090 - Local (0.0.0.0:0)
    at Object._errnoException (util.js:1022:11)
    at _exceptionWithHostPort (util.js:1044:20)
    at internalConnect (net.js:976:16)
    at defaultTriggerAsyncIdScope (internal/async_hooks.js:283:19)
    at GetAddrInfoReqWrap.emitLookup [as callback] (net.js:1122:9)
    at GetAddrInfoReqWrap.onlookup [as oncomplete] (dns.js:97:10)
  code: 'ENETUNREACH',
  errno: 'ENETUNREACH',
  syscall: 'connect',
  address: '192.168.1.3',
  port: 9090 }
{ Error: connect ENETUNREACH 192.168.1.3:9090 - Local (0.0.0.0:0)
    at Object._errnoException (util.js:1022:11)
    at _exceptionWithHostPort (util.js:1044:20)
    at internalConnect (net.js:976:16)
    at defaultTriggerAsyncIdScope (internal/async_hooks.js:283:19)
    at GetAddrInfoReqWrap.emitLookup [as callback] (net.js:1122:9)
    at GetAddrInfoReqWrap.onlookup [as oncomplete] (dns.js:97:10)
  code: 'ENETUNREACH',
  errno: 'ENETUNREACH',
  syscall: 'connect',
  address: '192.168.1.3',
  port: 9090 }
{ Error: connect ENETUNREACH 192.168.1.3:9090 - Local (0.0.0.0:0)
    at Object._errnoException (util.js:1022:11)
    at _exceptionWithHostPort (util.js:1044:20)
    at internalConnect (net.js:976:16)
    at defaultTriggerAsyncIdScope (internal/async_hooks.js:283:19)
    at GetAddrInfoReqWrap.emitLookup [as callback] (net.js:1122:9)
    at GetAddrInfoReqWrap.onlookup [as oncomplete] (dns.js:97:10)
  code: 'ENETUNREACH',
  errno: 'ENETUNREACH',
  syscall: 'connect',
  address: '192.168.1.3',
  port: 9090 }
{ Error: connect ENETUNREACH 192.168.1.3:9090 - Local (0.0.0.0:0)
    at Object._errnoException (util.js:1022:11)
    at _exceptionWithHostPort (util.js:1044:20)
    at internalConnect (net.js:976:16)
    at defaultTriggerAsyncIdScope (internal/async_hooks.js:283:19)
    at GetAddrInfoReqWrap.emitLookup [as callback] (net.js:1122:9)
    at GetAddrInfoReqWrap.onlookup [as oncomplete] (dns.js:97:10)
  code: 'ENETUNREACH',
  errno: 'ENETUNREACH',
  syscall: 'connect',
  address: '192.168.1.3',
  port: 9090 }
{ Error: connect ENETUNREACH 192.168.1.3:9090 - Local (0.0.0.0:0)
    at Object._errnoException (util.js:1022:11)
    at _exceptionWithHostPort (util.js:1044:20)
    at internalConnect (net.js:976:16)
    at defaultTriggerAsyncIdScope (internal/async_hooks.js:283:19)
    at GetAddrInfoReqWrap.emitLookup [as callback] (net.js:1122:9)
    at GetAddrInfoReqWrap.onlookup [as oncomplete] (dns.js:97:10)
  code: 'ENETUNREACH',
  errno: 'ENETUNREACH',
  syscall: 'connect',
  address: '192.168.1.3',
  port: 9090 }
{ Error: connect ENETUNREACH 192.168.1.3:9090 - Local (0.0.0.0:0)
    at Object._errnoException (util.js:1022:11)
    at _exceptionWithHostPort (util.js:1044:20)
    at internalConnect (net.js:976:16)
    at defaultTriggerAsyncIdScope (internal/async_hooks.js:283:19)
    at GetAddrInfoReqWrap.emitLookup [as callback] (net.js:1122:9)
    at GetAddrInfoReqWrap.onlookup [as oncomplete] (dns.js:97:10)
  code: 'ENETUNREACH',
  errno: 'ENETUNREACH',
  syscall: 'connect',
  address: '192.168.1.3',
  port: 9090 }
{ Error: connect ENETUNREACH 192.168.1.3:9090 - Local (0.0.0.0:0)
    at Object._errnoException (util.js:1022:11)
    at _exceptionWithHostPort (util.js:1044:20)
    at internalConnect (net.js:976:16)
    at defaultTriggerAsyncIdScope (internal/async_hooks.js:283:19)
    at GetAddrInfoReqWrap.emitLookup [as callback] (net.js:1122:9)
    at GetAddrInfoReqWrap.onlookup [as oncomplete] (dns.js:97:10)
  code: 'ENETUNREACH',
  errno: 'ENETUNREACH',
  syscall: 'connect',
  address: '192.168.1.3',
  port: 9090 }
{ Error: connect ENETUNREACH 192.168.1.3:9090 - Local (0.0.0.0:0)
    at Object._errnoException (util.js:1022:11)
    at _exceptionWithHostPort (util.js:1044:20)
    at internalConnect (net.js:976:16)
    at defaultTriggerAsyncIdScope (internal/async_hooks.js:283:19)
    at GetAddrInfoReqWrap.emitLookup [as callback] (net.js:1122:9)
    at GetAddrInfoReqWrap.onlookup [as oncomplete] (dns.js:97:10)
  code: 'ENETUNREACH',
  errno: 'ENETUNREACH',
  syscall: 'connect',
  address: '192.168.1.3',
  port: 9090 }
{ Error: connect ENETUNREACH 192.168.1.3:9090 - Local (0.0.0.0:0)
    at Object._errnoException (util.js:1022:11)
    at _exceptionWithHostPort (util.js:1044:20)
    at internalConnect (net.js:976:16)
    at defaultTriggerAsyncIdScope (internal/async_hooks.js:283:19)
    at GetAddrInfoReqWrap.emitLookup [as callback] (net.js:1122:9)
    at GetAddrInfoReqWrap.onlookup [as oncomplete] (dns.js:97:10)
  code: 'ENETUNREACH',
  errno: 'ENETUNREACH',
  syscall: 'connect',
  address: '192.168.1.3',
  port: 9090 }
{ Error: connect ENETUNREACH 192.168.1.3:9090 - Local (0.0.0.0:0)
    at Object._errnoException (util.js:1022:11)
    at _exceptionWithHostPort (util.js:1044:20)
    at internalConnect (net.js:976:16)
    at defaultTriggerAsyncIdScope (internal/async_hooks.js:283:19)
    at GetAddrInfoReqWrap.emitLookup [as callback] (net.js:1122:9)
    at GetAddrInfoReqWrap.onlookup [as oncomplete] (dns.js:97:10)
  code: 'ENETUNREACH',
  errno: 'ENETUNREACH',
  syscall: 'connect',
  address: '192.168.1.3',
  port: 9090 }
{ Error: connect ENETUNREACH 192.168.1.3:9090 - Local (0.0.0.0:0)
    at Object._errnoException (util.js:1022:11)
    at _exceptionWithHostPort (util.js:1044:20)
    at internalConnect (net.js:976:16)
    at defaultTriggerAsyncIdScope (internal/async_hooks.js:283:19)
    at GetAddrInfoReqWrap.emitLookup [as callback] (net.js:1122:9)
    at GetAddrInfoReqWrap.onlookup [as oncomplete] (dns.js:97:10)
  code: 'ENETUNREACH',
  errno: 'ENETUNREACH',
  syscall: 'connect',
  address: '192.168.1.3',
  port: 9090 }
{ Error: connect ENETUNREACH 192.168.1.3:9090 - Local (0.0.0.0:0)
    at Object._errnoException (util.js:1022:11)
    at _exceptionWithHostPort (util.js:1044:20)
    at internalConnect (net.js:976:16)
    at defaultTriggerAsyncIdScope (internal/async_hooks.js:283:19)
    at GetAddrInfoReqWrap.emitLookup [as callback] (net.js:1122:9)
    at GetAddrInfoReqWrap.onlookup [as oncomplete] (dns.js:97:10)
  code: 'ENETUNREACH',
  errno: 'ENETUNREACH',
  syscall: 'connect',
  address: '192.168.1.3',
  port: 9090 }
{ Error: connect ENETUNREACH 192.168.1.3:9090 - Local (0.0.0.0:0)
    at Object._errnoException (util.js:1022:11)
    at _exceptionWithHostPort (util.js:1044:20)
    at internalConnect (net.js:976:16)
    at defaultTriggerAsyncIdScope (internal/async_hooks.js:283:19)
    at GetAddrInfoReqWrap.emitLookup [as callback] (net.js:1122:9)
    at GetAddrInfoReqWrap.onlookup [as oncomplete] (dns.js:97:10)
  code: 'ENETUNREACH',
  errno: 'ENETUNREACH',
  syscall: 'connect',
  address: '192.168.1.3',
  port: 9090 }
{ Error: connect ENETUNREACH 192.168.1.3:9090 - Local (0.0.0.0:0)
    at Object._errnoException (util.js:1022:11)
    at _exceptionWithHostPort (util.js:1044:20)
    at internalConnect (net.js:976:16)
    at defaultTriggerAsyncIdScope (internal/async_hooks.js:283:19)
    at GetAddrInfoReqWrap.emitLookup [as callback] (net.js:1122:9)
    at GetAddrInfoReqWrap.onlookup [as oncomplete] (dns.js:97:10)
  code: 'ENETUNREACH',
  errno: 'ENETUNREACH',
  syscall: 'connect',
  address: '192.168.1.3',
  port: 9090 }
{ Error: connect ENETUNREACH 192.168.1.3:9090 - Local (0.0.0.0:0)
    at Object._errnoException (util.js:1022:11)
    at _exceptionWithHostPort (util.js:1044:20)
    at internalConnect (net.js:976:16)
    at defaultTriggerAsyncIdScope (internal/async_hooks.js:283:19)
    at GetAddrInfoReqWrap.emitLookup [as callback] (net.js:1122:9)
    at GetAddrInfoReqWrap.onlookup [as oncomplete] (dns.js:97:10)
  code: 'ENETUNREACH',
  errno: 'ENETUNREACH',
  syscall: 'connect',
  address: '192.168.1.3',
  port: 9090 }
{ Error: connect ENETUNREACH 192.168.1.3:9090 - Local (0.0.0.0:0)
    at Object._errnoException (util.js:1022:11)
    at _exceptionWithHostPort (util.js:1044:20)
    at internalConnect (net.js:976:16)
    at defaultTriggerAsyncIdScope (internal/async_hooks.js:283:19)
    at GetAddrInfoReqWrap.emitLookup [as callback] (net.js:1122:9)
    at GetAddrInfoReqWrap.onlookup [as oncomplete] (dns.js:97:10)
  code: 'ENETUNREACH',
  errno: 'ENETUNREACH',
  syscall: 'connect',
  address: '192.168.1.3',
  port: 9090 }
{ Error: connect ENETUNREACH 192.168.1.3:9090 - Local (0.0.0.0:0)
    at Object._errnoException (util.js:1022:11)
    at _exceptionWithHostPort (util.js:1044:20)
    at internalConnect (net.js:976:16)
    at defaultTriggerAsyncIdScope (internal/async_hooks.js:283:19)
    at GetAddrInfoReqWrap.emitLookup [as callback] (net.js:1122:9)
    at GetAddrInfoReqWrap.onlookup [as oncomplete] (dns.js:97:10)
  code: 'ENETUNREACH',
  errno: 'ENETUNREACH',
  syscall: 'connect',
  address: '192.168.1.3',
  port: 9090 }
{ Error: connect ENETUNREACH 192.168.1.3:9090 - Local (0.0.0.0:0)
    at Object._errnoException (util.js:1022:11)
    at _exceptionWithHostPort (util.js:1044:20)
    at internalConnect (net.js:976:16)
    at defaultTriggerAsyncIdScope (internal/async_hooks.js:283:19)
    at GetAddrInfoReqWrap.emitLookup [as callback] (net.js:1122:9)
    at GetAddrInfoReqWrap.onlookup [as oncomplete] (dns.js:97:10)
  code: 'ENETUNREACH',
  errno: 'ENETUNREACH',
  syscall: 'connect',
  address: '192.168.1.3',
  port: 9090 }
{ Error: connect ENETUNREACH 192.168.1.3:9090 - Local (0.0.0.0:0)
    at Object._errnoException (util.js:1022:11)
    at _exceptionWithHostPort (util.js:1044:20)
    at internalConnect (net.js:976:16)
    at defaultTriggerAsyncIdScope (internal/async_hooks.js:283:19)
    at GetAddrInfoReqWrap.emitLookup [as callback] (net.js:1122:9)
    at GetAddrInfoReqWrap.onlookup [as oncomplete] (dns.js:97:10)
  code: 'ENETUNREACH',
  errno: 'ENETUNREACH',
  syscall: 'connect',
  address: '192.168.1.3',
  port: 9090 }
{ Error: connect ENETUNREACH 192.168.1.3:9090 - Local (0.0.0.0:0)
    at Object._errnoException (util.js:1022:11)
    at _exceptionWithHostPort (util.js:1044:20)
    at internalConnect (net.js:976:16)
    at defaultTriggerAsyncIdScope (internal/async_hooks.js:283:19)
    at GetAddrInfoReqWrap.emitLookup [as callback] (net.js:1122:9)
    at GetAddrInfoReqWrap.onlookup [as oncomplete] (dns.js:97:10)
  code: 'ENETUNREACH',
  errno: 'ENETUNREACH',
  syscall: 'connect',
  address: '192.168.1.3',
  port: 9090 }
{ Error: connect ENETUNREACH 192.168.1.3:9090 - Local (0.0.0.0:0)
    at Object._errnoException (util.js:1022:11)
    at _exceptionWithHostPort (util.js:1044:20)
    at internalConnect (net.js:976:16)
    at defaultTriggerAsyncIdScope (internal/async_hooks.js:283:19)
    at GetAddrInfoReqWrap.emitLookup [as callback] (net.js:1122:9)
    at GetAddrInfoReqWrap.onlookup [as oncomplete] (dns.js:97:10)
  code: 'ENETUNREACH',
  errno: 'ENETUNREACH',
  syscall: 'connect',
  address: '192.168.1.3',
  port: 9090 }
{ Error: connect ENETUNREACH 192.168.1.3:9090 - Local (0.0.0.0:0)
    at Object._errnoException (util.js:1022:11)
    at _exceptionWithHostPort (util.js:1044:20)
    at internalConnect (net.js:976:16)
    at defaultTriggerAsyncIdScope (internal/async_hooks.js:283:19)
    at GetAddrInfoReqWrap.emitLookup [as callback] (net.js:1122:9)
    at GetAddrInfoReqWrap.onlookup [as oncomplete] (dns.js:97:10)
  code: 'ENETUNREACH',
  errno: 'ENETUNREACH',
  syscall: 'connect',
  address: '192.168.1.3',
  port: 9090 }
{ Error: connect ENETUNREACH 192.168.1.3:9090 - Local (0.0.0.0:0)
    at Object._errnoException (util.js:1022:11)
    at _exceptionWithHostPort (util.js:1044:20)
    at internalConnect (net.js:976:16)
    at defaultTriggerAsyncIdScope (internal/async_hooks.js:283:19)
    at GetAddrInfoReqWrap.emitLookup [as callback] (net.js:1122:9)
    at GetAddrInfoReqWrap.onlookup [as oncomplete] (dns.js:97:10)
  code: 'ENETUNREACH',
  errno: 'ENETUNREACH',
  syscall: 'connect',
  address: '192.168.1.3',
  port: 9090 }
{ Error: connect ENETUNREACH 192.168.1.3:9090 - Local (0.0.0.0:0)
    at Object._errnoException (util.js:1022:11)
    at _exceptionWithHostPort (util.js:1044:20)
    at internalConnect (net.js:976:16)
    at defaultTriggerAsyncIdScope (internal/async_hooks.js:283:19)
    at GetAddrInfoReqWrap.emitLookup [as callback] (net.js:1122:9)
    at GetAddrInfoReqWrap.onlookup [as oncomplete] (dns.js:97:10)
  code: 'ENETUNREACH',
  errno: 'ENETUNREACH',
  syscall: 'connect',
  address: '192.168.1.3',
  port: 9090 }
{ Error: connect ENETUNREACH 192.168.1.3:9090 - Local (0.0.0.0:0)
    at Object._errnoException (util.js:1022:11)
    at _exceptionWithHostPort (util.js:1044:20)
    at internalConnect (net.js:976:16)
    at defaultTriggerAsyncIdScope (internal/async_hooks.js:283:19)
    at GetAddrInfoReqWrap.emitLookup [as callback] (net.js:1122:9)
    at GetAddrInfoReqWrap.onlookup [as oncomplete] (dns.js:97:10)
  code: 'ENETUNREACH',
  errno: 'ENETUNREACH',
  syscall: 'connect',
  address: '192.168.1.3',
  port: 9090 }
{ Error: connect ENETUNREACH 192.168.1.3:9090 - Local (0.0.0.0:0)
    at Object._errnoException (util.js:1022:11)
    at _exceptionWithHostPort (util.js:1044:20)
    at internalConnect (net.js:976:16)
    at defaultTriggerAsyncIdScope (internal/async_hooks.js:283:19)
    at GetAddrInfoReqWrap.emitLookup [as callback] (net.js:1122:9)
    at GetAddrInfoReqWrap.onlookup [as oncomplete] (dns.js:97:10)
  code: 'ENETUNREACH',
  errno: 'ENETUNREACH',
  syscall: 'connect',
  address: '192.168.1.3',
  port: 9090 }
{ Error: connect ENETUNREACH 192.168.1.3:9090 - Local (0.0.0.0:0)
    at Object._errnoException (util.js:1022:11)
    at _exceptionWithHostPort (util.js:1044:20)
    at internalConnect (net.js:976:16)
    at defaultTriggerAsyncIdScope (internal/async_hooks.js:283:19)
    at GetAddrInfoReqWrap.emitLookup [as callback] (net.js:1122:9)
    at GetAddrInfoReqWrap.onlookup [as oncomplete] (dns.js:97:10)
  code: 'ENETUNREACH',
  errno: 'ENETUNREACH',
  syscall: 'connect',
  address: '192.168.1.3',
  port: 9090 }
{ Error: connect ENETUNREACH 192.168.1.3:9090 - Local (0.0.0.0:0)
    at Object._errnoException (util.js:1022:11)
    at _exceptionWithHostPort (util.js:1044:20)
    at internalConnect (net.js:976:16)
    at defaultTriggerAsyncIdScope (internal/async_hooks.js:283:19)
    at GetAddrInfoReqWrap.emitLookup [as callback] (net.js:1122:9)
    at GetAddrInfoReqWrap.onlookup [as oncomplete] (dns.js:97:10)
  code: 'ENETUNREACH',
  errno: 'ENETUNREACH',
  syscall: 'connect',
  address: '192.168.1.3',
  port: 9090 }
{ Error: connect ENETUNREACH 192.168.1.3:9090 - Local (0.0.0.0:0)
    at Object._errnoException (util.js:1022:11)
    at _exceptionWithHostPort (util.js:1044:20)
    at internalConnect (net.js:976:16)
    at defaultTriggerAsyncIdScope (internal/async_hooks.js:283:19)
    at GetAddrInfoReqWrap.emitLookup [as callback] (net.js:1122:9)
    at GetAddrInfoReqWrap.onlookup [as oncomplete] (dns.js:97:10)
  code: 'ENETUNREACH',
  errno: 'ENETUNREACH',
  syscall: 'connect',
  address: '192.168.1.3',
  port: 9090 }
{ Error: connect ENETUNREACH 192.168.1.3:9090 - Local (0.0.0.0:0)
    at Object._errnoException (util.js:1022:11)
    at _exceptionWithHostPort (util.js:1044:20)
    at internalConnect (net.js:976:16)
    at defaultTriggerAsyncIdScope (internal/async_hooks.js:283:19)
    at GetAddrInfoReqWrap.emitLookup [as callback] (net.js:1122:9)
    at GetAddrInfoReqWrap.onlookup [as oncomplete] (dns.js:97:10)
  code: 'ENETUNREACH',
  errno: 'ENETUNREACH',
  syscall: 'connect',
  address: '192.168.1.3',
  port: 9090 }
{ Error: connect ENETUNREACH 192.168.1.3:9090 - Local (0.0.0.0:0)
    at Object._errnoException (util.js:1022:11)
    at _exceptionWithHostPort (util.js:1044:20)
    at internalConnect (net.js:976:16)
    at defaultTriggerAsyncIdScope (internal/async_hooks.js:283:19)
    at GetAddrInfoReqWrap.emitLookup [as callback] (net.js:1122:9)
    at GetAddrInfoReqWrap.onlookup [as oncomplete] (dns.js:97:10)
  code: 'ENETUNREACH',
  errno: 'ENETUNREACH',
  syscall: 'connect',
  address: '192.168.1.3',
  port: 9090 }
{ Error: getaddrinfo EAI_AGAIN server.local:9090
    at Object._errnoException (util.js:1022:11)
    at errnoException (dns.js:55:15)
    at GetAddrInfoReqWrap.onlookup [as oncomplete] (dns.js:92:26)
  code: 'EAI_AGAIN',
  errno: 'EAI_AGAIN',
  syscall: 'getaddrinfo',
  hostname: 'server.local',
  host: 'server.local',
  port: '9090' }
{ Error: getaddrinfo EAI_AGAIN server.local:9090
    at Object._errnoException (util.js:1022:11)
    at errnoException (dns.js:55:15)
    at GetAddrInfoReqWrap.onlookup [as oncomplete] (dns.js:92:26)
  code: 'EAI_AGAIN',
  errno: 'EAI_AGAIN',
  syscall: 'getaddrinfo',
  hostname: 'server.local',
  host: 'server.local',
  port: '9090' }
{ Error: getaddrinfo EAI_AGAIN server.local:9090
    at Object._errnoException (util.js:1022:11)
    at errnoException (dns.js:55:15)
    at GetAddrInfoReqWrap.onlookup [as oncomplete] (dns.js:92:26)
  code: 'EAI_AGAIN',
  errno: 'EAI_AGAIN',
  syscall: 'getaddrinfo',
  hostname: 'server.local',
  host: 'server.local',
  port: '9090' }
{ Error: getaddrinfo EAI_AGAIN server.local:9090
    at Object._errnoException (util.js:1022:11)
    at errnoException (dns.js:55:15)
    at GetAddrInfoReqWrap.onlookup [as oncomplete] (dns.js:92:26)
  code: 'EAI_AGAIN',
  errno: 'EAI_AGAIN',
  syscall: 'getaddrinfo',
  hostname: 'server.local',
  host: 'server.local',
  port: '9090' }
{ Error: getaddrinfo EAI_AGAIN server.local:9090
    at Object._errnoException (util.js:1022:11)
    at errnoException (dns.js:55:15)
    at GetAddrInfoReqWrap.onlookup [as oncomplete] (dns.js:92:26)
  code: 'EAI_AGAIN',
  errno: 'EAI_AGAIN',
  syscall: 'getaddrinfo',
  hostname: 'server.local',
  host: 'server.local',
  port: '9090' }
{ Error: getaddrinfo EAI_AGAIN server.local:9090
    at Object._errnoException (util.js:1022:11)
    at errnoException (dns.js:55:15)
    at GetAddrInfoReqWrap.onlookup [as oncomplete] (dns.js:92:26)
  code: 'EAI_AGAIN',
  errno: 'EAI_AGAIN',
  syscall: 'getaddrinfo',
  hostname: 'server.local',
  host: 'server.local',
  port: '9090' }
{ Error: getaddrinfo EAI_AGAIN server.local:9090
    at Object._errnoException (util.js:1022:11)
    at errnoException (dns.js:55:15)
    at GetAddrInfoReqWrap.onlookup [as oncomplete] (dns.js:92:26)
  code: 'EAI_AGAIN',
  errno: 'EAI_AGAIN',
  syscall: 'getaddrinfo',
  hostname: 'server.local',
  host: 'server.local',
  port: '9090' }
{ Error: getaddrinfo EAI_AGAIN server.local:9090
    at Object._errnoException (util.js:1022:11)
    at errnoException (dns.js:55:15)
    at GetAddrInfoReqWrap.onlookup [as oncomplete] (dns.js:92:26)
  code: 'EAI_AGAIN',
  errno: 'EAI_AGAIN',
  syscall: 'getaddrinfo',
  hostname: 'server.local',
  host: 'server.local',
  port: '9090' }
{ Error: getaddrinfo EAI_AGAIN server.local:9090
    at Object._errnoException (util.js:1022:11)
    at errnoException (dns.js:55:15)
    at GetAddrInfoReqWrap.onlookup [as oncomplete] (dns.js:92:26)
  code: 'EAI_AGAIN',
  errno: 'EAI_AGAIN',
  syscall: 'getaddrinfo',
  hostname: 'server.local',
  host: 'server.local',
  port: '9090' }
{ Error: getaddrinfo EAI_AGAIN server.local:9090
    at Object._errnoException (util.js:1022:11)
    at errnoException (dns.js:55:15)
    at GetAddrInfoReqWrap.onlookup [as oncomplete] (dns.js:92:26)
  code: 'EAI_AGAIN',
  errno: 'EAI_AGAIN',
  syscall: 'getaddrinfo',
  hostname: 'server.local',
  host: 'server.local',
  port: '9090' }
{ Error: getaddrinfo EAI_AGAIN server.local:9090
    at Object._errnoException (util.js:1022:11)
    at errnoException (dns.js:55:15)
    at GetAddrInfoReqWrap.onlookup [as oncomplete] (dns.js:92:26)
  code: 'EAI_AGAIN',
  errno: 'EAI_AGAIN',
  syscall: 'getaddrinfo',
  hostname: 'server.local',
  host: 'server.local',
  port: '9090' }
{ Error: getaddrinfo EAI_AGAIN server.local:9090
    at Object._errnoException (util.js:1022:11)
    at errnoException (dns.js:55:15)
    at GetAddrInfoReqWrap.onlookup [as oncomplete] (dns.js:92:26)
  code: 'EAI_AGAIN',
  errno: 'EAI_AGAIN',
  syscall: 'getaddrinfo',
  hostname: 'server.local',
  host: 'server.local',
  port: '9090' }
{ Error: getaddrinfo EAI_AGAIN server.local:9090
    at Object._errnoException (util.js:1022:11)
    at errnoException (dns.js:55:15)
    at GetAddrInfoReqWrap.onlookup [as oncomplete] (dns.js:92:26)
  code: 'EAI_AGAIN',
  errno: 'EAI_AGAIN',
  syscall: 'getaddrinfo',
  hostname: 'server.local',
  host: 'server.local',
  port: '9090' }
{ Error: getaddrinfo EAI_AGAIN server.local:9090
    at Object._errnoException (util.js:1022:11)
    at errnoException (dns.js:55:15)
    at GetAddrInfoReqWrap.onlookup [as oncomplete] (dns.js:92:26)
  code: 'EAI_AGAIN',
  errno: 'EAI_AGAIN',
  syscall: 'getaddrinfo',
  hostname: 'server.local',
  host: 'server.local',
  port: '9090' }
{ Error: getaddrinfo EAI_AGAIN server.local:9090
    at Object._errnoException (util.js:1022:11)
    at errnoException (dns.js:55:15)
    at GetAddrInfoReqWrap.onlookup [as oncomplete] (dns.js:92:26)
  code: 'EAI_AGAIN',
  errno: 'EAI_AGAIN',
  syscall: 'getaddrinfo',
  hostname: 'server.local',
  host: 'server.local',
  port: '9090' }
{ Error: getaddrinfo EAI_AGAIN server.local:9090
    at Object._errnoException (util.js:1022:11)
    at errnoException (dns.js:55:15)
    at GetAddrInfoReqWrap.onlookup [as oncomplete] (dns.js:92:26)
  code: 'EAI_AGAIN',
  errno: 'EAI_AGAIN',
  syscall: 'getaddrinfo',
  hostname: 'server.local',
  host: 'server.local',
  port: '9090' }
{ Error: getaddrinfo EAI_AGAIN server.local:9090
    at Object._errnoException (util.js:1022:11)
    at errnoException (dns.js:55:15)
    at GetAddrInfoReqWrap.onlookup [as oncomplete] (dns.js:92:26)
  code: 'EAI_AGAIN',
  errno: 'EAI_AGAIN',
  syscall: 'getaddrinfo',
  hostname: 'server.local',
  host: 'server.local',
  port: '9090' }
{ Error: getaddrinfo EAI_AGAIN server.local:9090
    at Object._errnoException (util.js:1022:11)
    at errnoException (dns.js:55:15)
    at GetAddrInfoReqWrap.onlookup [as oncomplete] (dns.js:92:26)
  code: 'EAI_AGAIN',
  errno: 'EAI_AGAIN',
  syscall: 'getaddrinfo',
  hostname: 'server.local',
  host: 'server.local',
  port: '9090' }
{ Error: getaddrinfo EAI_AGAIN server.local:9090
    at Object._errnoException (util.js:1022:11)
    at errnoException (dns.js:55:15)
    at GetAddrInfoReqWrap.onlookup [as oncomplete] (dns.js:92:26)
  code: 'EAI_AGAIN',
  errno: 'EAI_AGAIN',
  syscall: 'getaddrinfo',
  hostname: 'server.local',
  host: 'server.local',
  port: '9090' }
{ Error: getaddrinfo EAI_AGAIN server.local:9090
    at Object._errnoException (util.js:1022:11)
    at errnoException (dns.js:55:15)
    at GetAddrInfoReqWrap.onlookup [as oncomplete] (dns.js:92:26)
  code: 'EAI_AGAIN',
  errno: 'EAI_AGAIN',
  syscall: 'getaddrinfo',
  hostname: 'server.local',
  host: 'server.local',
  port: '9090' }
{ Error: getaddrinfo EAI_AGAIN server.local:9090
    at Object._errnoException (util.js:1022:11)
    at errnoException (dns.js:55:15)
    at GetAddrInfoReqWrap.onlookup [as oncomplete] (dns.js:92:26)
  code: 'EAI_AGAIN',
  errno: 'EAI_AGAIN',
  syscall: 'getaddrinfo',
  hostname: 'server.local',
  host: 'server.local',
  port: '9090' }
{ Error: getaddrinfo EAI_AGAIN server.local:9090
    at Object._errnoException (util.js:1022:11)
    at errnoException (dns.js:55:15)
    at GetAddrInfoReqWrap.onlookup [as oncomplete] (dns.js:92:26)
  code: 'EAI_AGAIN',
  errno: 'EAI_AGAIN',
  syscall: 'getaddrinfo',
  hostname: 'server.local',
  host: 'server.local',
  port: '9090' }
{ Error: getaddrinfo EAI_AGAIN server.local:9090
    at Object._errnoException (util.js:1022:11)
    at errnoException (dns.js:55:15)
    at GetAddrInfoReqWrap.onlookup [as oncomplete] (dns.js:92:26)
  code: 'EAI_AGAIN',
  errno: 'EAI_AGAIN',
  syscall: 'getaddrinfo',
  hostname: 'server.local',
  host: 'server.local',
  port: '9090' }
{ Error: getaddrinfo EAI_AGAIN server.local:9090
    at Object._errnoException (util.js:1022:11)
    at errnoException (dns.js:55:15)
    at GetAddrInfoReqWrap.onlookup [as oncomplete] (dns.js:92:26)
  code: 'EAI_AGAIN',
  errno: 'EAI_AGAIN',
  syscall: 'getaddrinfo',
  hostname: 'server.local',
  host: 'server.local',
  port: '9090' }
{ Error: getaddrinfo EAI_AGAIN server.local:9090
    at Object._errnoException (util.js:1022:11)
    at errnoException (dns.js:55:15)
    at GetAddrInfoReqWrap.onlookup [as oncomplete] (dns.js:92:26)
  code: 'EAI_AGAIN',
  errno: 'EAI_AGAIN',
  syscall: 'getaddrinfo',
  hostname: 'server.local',
  host: 'server.local',
  port: '9090' }
{ Error: getaddrinfo EAI_AGAIN server.local:9090
    at Object._errnoException (util.js:1022:11)
    at errnoException (dns.js:55:15)
    at GetAddrInfoReqWrap.onlookup [as oncomplete] (dns.js:92:26)
  code: 'EAI_AGAIN',
  errno: 'EAI_AGAIN',
  syscall: 'getaddrinfo',
  hostname: 'server.local',
  host: 'server.local',
  port: '9090' }
{ Error: getaddrinfo EAI_AGAIN server.local:9090
    at Object._errnoException (util.js:1022:11)
    at errnoException (dns.js:55:15)
    at GetAddrInfoReqWrap.onlookup [as oncomplete] (dns.js:92:26)
  code: 'EAI_AGAIN',
  errno: 'EAI_AGAIN',
  syscall: 'getaddrinfo',
  hostname: 'server.local',
  host: 'server.local',
  port: '9090' }
{ Error: getaddrinfo EAI_AGAIN server.local:9090
    at Object._errnoException (util.js:1022:11)
    at errnoException (dns.js:55:15)
    at GetAddrInfoReqWrap.onlookup [as oncomplete] (dns.js:92:26)
  code: 'EAI_AGAIN',
  errno: 'EAI_AGAIN',
  syscall: 'getaddrinfo',
  hostname: 'server.local',
  host: 'server.local',
  port: '9090' }
{ Error: getaddrinfo EAI_AGAIN server.local:9090
    at Object._errnoException (util.js:1022:11)
    at errnoException (dns.js:55:15)
    at GetAddrInfoReqWrap.onlookup [as oncomplete] (dns.js:92:26)
  code: 'EAI_AGAIN',
  errno: 'EAI_AGAIN',
  syscall: 'getaddrinfo',
  hostname: 'server.local',
  host: 'server.local',
  port: '9090' }
{ Error: getaddrinfo EAI_AGAIN server.local:9090
    at Object._errnoException (util.js:1022:11)
    at errnoException (dns.js:55:15)
    at GetAddrInfoReqWrap.onlookup [as oncomplete] (dns.js:92:26)
  code: 'EAI_AGAIN',
  errno: 'EAI_AGAIN',
  syscall: 'getaddrinfo',
  hostname: 'server.local',
  host: 'server.local',
  port: '9090' }
{ Error: getaddrinfo EAI_AGAIN server.local:9090
    at Object._errnoException (util.js:1022:11)
    at errnoException (dns.js:55:15)
    at GetAddrInfoReqWrap.onlookup [as oncomplete] (dns.js:92:26)
  code: 'EAI_AGAIN',
  errno: 'EAI_AGAIN',
  syscall: 'getaddrinfo',
  hostname: 'server.local',
  host: 'server.local',
  port: '9090' }
{ Error: getaddrinfo EAI_AGAIN server.local:9090
    at Object._errnoException (util.js:1022:11)
    at errnoException (dns.js:55:15)
    at GetAddrInfoReqWrap.onlookup [as oncomplete] (dns.js:92:26)
  code: 'EAI_AGAIN',
  errno: 'EAI_AGAIN',
  syscall: 'getaddrinfo',
  hostname: 'server.local',
  host: 'server.local',
  port: '9090' }
{ Error: getaddrinfo EAI_AGAIN server.local:9090
    at Object._errnoException (util.js:1022:11)
    at errnoException (dns.js:55:15)
    at GetAddrInfoReqWrap.onlookup [as oncomplete] (dns.js:92:26)
  code: 'EAI_AGAIN',
  errno: 'EAI_AGAIN',
  syscall: 'getaddrinfo',
  hostname: 'server.local',
  host: 'server.local',
  port: '9090' }
{ Error: getaddrinfo EAI_AGAIN server.local:9090
    at Object._errnoException (util.js:1022:11)
    at errnoException (dns.js:55:15)
    at GetAddrInfoReqWrap.onlookup [as oncomplete] (dns.js:92:26)
  code: 'EAI_AGAIN',
  errno: 'EAI_AGAIN',
  syscall: 'getaddrinfo',
  hostname: 'server.local',
  host: 'server.local',
  port: '9090' }
{ Error: getaddrinfo EAI_AGAIN server.local:9090
    at Object._errnoException (util.js:1022:11)
    at errnoException (dns.js:55:15)
    at GetAddrInfoReqWrap.onlookup [as oncomplete] (dns.js:92:26)
  code: 'EAI_AGAIN',
  errno: 'EAI_AGAIN',
  syscall: 'getaddrinfo',
  hostname: 'server.local',
  host: 'server.local',
  port: '9090' }
{ Error: getaddrinfo EAI_AGAIN server.local:9090
    at Object._errnoException (util.js:1022:11)
    at errnoException (dns.js:55:15)
    at GetAddrInfoReqWrap.onlookup [as oncomplete] (dns.js:92:26)
  code: 'EAI_AGAIN',
  errno: 'EAI_AGAIN',
  syscall: 'getaddrinfo',
  hostname: 'server.local',
  host: 'server.local',
  port: '9090' }
{ Error: getaddrinfo EAI_AGAIN server.local:9090
    at Object._errnoException (util.js:1022:11)
    at errnoException (dns.js:55:15)
    at GetAddrInfoReqWrap.onlookup [as oncomplete] (dns.js:92:26)
  code: 'EAI_AGAIN',
  errno: 'EAI_AGAIN',
  syscall: 'getaddrinfo',
  hostname: 'server.local',
  host: 'server.local',
  port: '9090' }
{ Error: getaddrinfo EAI_AGAIN server.local:9090
    at Object._errnoException (util.js:1022:11)
    at errnoException (dns.js:55:15)
    at GetAddrInfoReqWrap.onlookup [as oncomplete] (dns.js:92:26)
  code: 'EAI_AGAIN',
  errno: 'EAI_AGAIN',
  syscall: 'getaddrinfo',
  hostname: 'server.local',
  host: 'server.local',
  port: '9090' }
{ Error: getaddrinfo EAI_AGAIN server.local:9090
    at Object._errnoException (util.js:1022:11)
    at errnoException (dns.js:55:15)
    at GetAddrInfoReqWrap.onlookup [as oncomplete] (dns.js:92:26)
  code: 'EAI_AGAIN',
  errno: 'EAI_AGAIN',
  syscall: 'getaddrinfo',
  hostname: 'server.local',
  host: 'server.local',
  port: '9090' }
{ Error: getaddrinfo EAI_AGAIN server.local:9090
    at Object._errnoException (util.js:1022:11)
    at errnoException (dns.js:55:15)
    at GetAddrInfoReqWrap.onlookup [as oncomplete] (dns.js:92:26)
  code: 'EAI_AGAIN',
  errno: 'EAI_AGAIN',
  syscall: 'getaddrinfo',
  hostname: 'server.local',
  host: 'server.local',
  port: '9090' }
{ Error: getaddrinfo EAI_AGAIN server.local:9090
    at Object._errnoException (util.js:1022:11)
    at errnoException (dns.js:55:15)
    at GetAddrInfoReqWrap.onlookup [as oncomplete] (dns.js:92:26)
  code: 'EAI_AGAIN',
  errno: 'EAI_AGAIN',
  syscall: 'getaddrinfo',
  hostname: 'server.local',
  host: 'server.local',
  port: '9090' }
{ Error: getaddrinfo EAI_AGAIN server.local:9090
    at Object._errnoException (util.js:1022:11)
    at errnoException (dns.js:55:15)
    at GetAddrInfoReqWrap.onlookup [as oncomplete] (dns.js:92:26)
  code: 'EAI_AGAIN',
  errno: 'EAI_AGAIN',
  syscall: 'getaddrinfo',
  hostname: 'server.local',
  host: 'server.local',
  port: '9090' }
{ Error: getaddrinfo EAI_AGAIN server.local:9090
    at Object._errnoException (util.js:1022:11)
    at errnoException (dns.js:55:15)
    at GetAddrInfoReqWrap.onlookup [as oncomplete] (dns.js:92:26)
  code: 'EAI_AGAIN',
  errno: 'EAI_AGAIN',
  syscall: 'getaddrinfo',
  hostname: 'server.local',
  host: 'server.local',
  port: '9090' }
{ Error: getaddrinfo EAI_AGAIN server.local:9090
    at Object._errnoException (util.js:1022:11)
    at errnoException (dns.js:55:15)
    at GetAddrInfoReqWrap.onlookup [as oncomplete] (dns.js:92:26)
  code: 'EAI_AGAIN',
  errno: 'EAI_AGAIN',
  syscall: 'getaddrinfo',
  hostname: 'server.local',
  host: 'server.local',
  port: '9090' }
{ Error: getaddrinfo EAI_AGAIN server.local:9090
    at Object._errnoException (util.js:1022:11)
    at errnoException (dns.js:55:15)
    at GetAddrInfoReqWrap.onlookup [as oncomplete] (dns.js:92:26)
  code: 'EAI_AGAIN',
  errno: 'EAI_AGAIN',
  syscall: 'getaddrinfo',
  hostname: 'server.local',
  host: 'server.local',
  port: '9090' }
{ Error: getaddrinfo EAI_AGAIN server.local:9090
    at Object._errnoException (util.js:1022:11)
    at errnoException (dns.js:55:15)
    at GetAddrInfoReqWrap.onlookup [as oncomplete] (dns.js:92:26)
  code: 'EAI_AGAIN',
  errno: 'EAI_AGAIN',
  syscall: 'getaddrinfo',
  hostname: 'server.local',
  host: 'server.local',
  port: '9090' }
{ Error: getaddrinfo EAI_AGAIN server.local:9090
    at Object._errnoException (util.js:1022:11)
    at errnoException (dns.js:55:15)
    at GetAddrInfoReqWrap.onlookup [as oncomplete] (dns.js:92:26)
  code: 'EAI_AGAIN',
  errno: 'EAI_AGAIN',
  syscall: 'getaddrinfo',
  hostname: 'server.local',
  host: 'server.local',
  port: '9090' }
{ Error: getaddrinfo EAI_AGAIN server.local:9090
    at Object._errnoException (util.js:1022:11)
    at errnoException (dns.js:55:15)
    at GetAddrInfoReqWrap.onlookup [as oncomplete] (dns.js:92:26)
  code: 'EAI_AGAIN',
  errno: 'EAI_AGAIN',
  syscall: 'getaddrinfo',
  hostname: 'server.local',
  host: 'server.local',
  port: '9090' }
{ Error: getaddrinfo EAI_AGAIN server.local:9090
    at Object._errnoException (util.js:1022:11)
    at errnoException (dns.js:55:15)
    at GetAddrInfoReqWrap.onlookup [as oncomplete] (dns.js:92:26)
  code: 'EAI_AGAIN',
  errno: 'EAI_AGAIN',
  syscall: 'getaddrinfo',
  hostname: 'server.local',
  host: 'server.local',
  port: '9090' }
{ Error: getaddrinfo EAI_AGAIN server.local:9090
    at Object._errnoException (util.js:1022:11)
    at errnoException (dns.js:55:15)
    at GetAddrInfoReqWrap.onlookup [as oncomplete] (dns.js:92:26)
  code: 'EAI_AGAIN',
  errno: 'EAI_AGAIN',
  syscall: 'getaddrinfo',
  hostname: 'server.local',
  host: 'server.local',
  port: '9090' }
{ Error: getaddrinfo EAI_AGAIN server.local:9090
    at Object._errnoException (util.js:1022:11)
    at errnoException (dns.js:55:15)
    at GetAddrInfoReqWrap.onlookup [as oncomplete] (dns.js:92:26)
  code: 'EAI_AGAIN',
  errno: 'EAI_AGAIN',
  syscall: 'getaddrinfo',
  hostname: 'server.local',
  host: 'server.local',
  port: '9090' }
{ Error: getaddrinfo EAI_AGAIN server.local:9090
    at Object._errnoException (util.js:1022:11)
    at errnoException (dns.js:55:15)
    at GetAddrInfoReqWrap.onlookup [as oncomplete] (dns.js:92:26)
  code: 'EAI_AGAIN',
  errno: 'EAI_AGAIN',
  syscall: 'getaddrinfo',
  hostname: 'server.local',
  host: 'server.local',
  port: '9090' }
{ Error: getaddrinfo EAI_AGAIN server.local:9090
    at Object._errnoException (util.js:1022:11)
    at errnoException (dns.js:55:15)
    at GetAddrInfoReqWrap.onlookup [as oncomplete] (dns.js:92:26)
  code: 'EAI_AGAIN',
  errno: 'EAI_AGAIN',
  syscall: 'getaddrinfo',
  hostname: 'server.local',
  host: 'server.local',
  port: '9090' }
{ Error: getaddrinfo EAI_AGAIN server.local:9090
    at Object._errnoException (util.js:1022:11)
    at errnoException (dns.js:55:15)
    at GetAddrInfoReqWrap.onlookup [as oncomplete] (dns.js:92:26)
  code: 'EAI_AGAIN',
  errno: 'EAI_AGAIN',
  syscall: 'getaddrinfo',
  hostname: 'server.local',
  host: 'server.local',
  port: '9090' }
{ Error: getaddrinfo EAI_AGAIN server.local:9090
    at Object._errnoException (util.js:1022:11)
    at errnoException (dns.js:55:15)
    at GetAddrInfoReqWrap.onlookup [as oncomplete] (dns.js:92:26)
  code: 'EAI_AGAIN',
  errno: 'EAI_AGAIN',
  syscall: 'getaddrinfo',
  hostname: 'server.local',
  host: 'server.local',
  port: '9090' }
{ Error: getaddrinfo EAI_AGAIN server.local:9090
    at Object._errnoException (util.js:1022:11)
    at errnoException (dns.js:55:15)
    at GetAddrInfoReqWrap.onlookup [as oncomplete] (dns.js:92:26)
  code: 'EAI_AGAIN',
  errno: 'EAI_AGAIN',
  syscall: 'getaddrinfo',
  hostname: 'server.local',
  host: 'server.local',
  port: '9090' }
{ Error: getaddrinfo EAI_AGAIN server.local:9090
    at Object._errnoException (util.js:1022:11)
    at errnoException (dns.js:55:15)
    at GetAddrInfoReqWrap.onlookup [as oncomplete] (dns.js:92:26)
  code: 'EAI_AGAIN',
  errno: 'EAI_AGAIN',
  syscall: 'getaddrinfo',
  hostname: 'server.local',
  host: 'server.local',
  port: '9090' }
{ Error: getaddrinfo EAI_AGAIN server.local:9090
    at Object._errnoException (util.js:1022:11)
    at errnoException (dns.js:55:15)
    at GetAddrInfoReqWrap.onlookup [as oncomplete] (dns.js:92:26)
  code: 'EAI_AGAIN',
  errno: 'EAI_AGAIN',
  syscall: 'getaddrinfo',
  hostname: 'server.local',
  host: 'server.local',
  port: '9090' }
{ Error: getaddrinfo EAI_AGAIN server.local:9090
    at Object._errnoException (util.js:1022:11)
    at errnoException (dns.js:55:15)
    at GetAddrInfoReqWrap.onlookup [as oncomplete] (dns.js:92:26)
  code: 'EAI_AGAIN',
  errno: 'EAI_AGAIN',
  syscall: 'getaddrinfo',
  hostname: 'server.local',
  host: 'server.local',
  port: '9090' }
{ Error: getaddrinfo EAI_AGAIN server.local:9090
    at Object._errnoException (util.js:1022:11)
    at errnoException (dns.js:55:15)
    at GetAddrInfoReqWrap.onlookup [as oncomplete] (dns.js:92:26)
  code: 'EAI_AGAIN',
  errno: 'EAI_AGAIN',
  syscall: 'getaddrinfo',
  hostname: 'server.local',
  host: 'server.local',
  port: '9090' }
{ Error: getaddrinfo EAI_AGAIN server.local:9090
    at Object._errnoException (util.js:1022:11)
    at errnoException (dns.js:55:15)
    at GetAddrInfoReqWrap.onlookup [as oncomplete] (dns.js:92:26)
  code: 'EAI_AGAIN',
  errno: 'EAI_AGAIN',
  syscall: 'getaddrinfo',
  hostname: 'server.local',
  host: 'server.local',
  port: '9090' }
data-20170716-16.csv
data-20170716-17.csv
data-20170716-18.csv
data-20170716-19.csv
data-20170716-20.csv
data-20170716-21.csv
I'm done!!
Files: 7
Samples: 2580480
Packets: 2520
Pending Messages 1
Pending Messages 1
Pending Messages 1
Pending Messages 1
Pending Messages 1
Pending Messages 1
Messages: 2520
Time: 243911.778884 ms
argv[0]: lpm
argv[1]: -o
argv[2]: NODE_SOAP_MEM_1.txt
argv[3]: -s
argv[4]: node
argv[5]: .
argv[6]: -d
argv[7]: 0Initial
argv[8]: -p
argv[9]: WS
Exec: node . -d 0Initial -p WS 
Monitors out to: NODE_SOAP_MEM_1.txt
Run Time: 247534 ms
Monitored data written to: NODE_SOAP_MEM_1.txt
