Config{server='server.local', continous=false, dataset='0Initial', proto=KAFKA}
Connecting to: server.local:2181
log4j: reset attribute= "false".
log4j: Threshold ="null".
log4j: Level value for root is  [DEBUG].
log4j: root level set to DEBUG
log4j: Class name: [org.apache.log4j.ConsoleAppender]
log4j: Parsing layout of class: "org.apache.log4j.PatternLayout"
log4j: Setting property [conversionPattern] to [%d{yyyy-MM-dd HH:mm:ss} %-5p %c{1}:%L - %m%n].
log4j: Adding appender named [console] to category [root].
log4j: Retreiving an instance of org.apache.log4j.Logger.
log4j: Setting [log4j.logger.org.springframework.web.client] additivity to [false].
log4j: Level value for log4j.logger.org.springframework.web.client is  [DEBUG].
log4j: log4j.logger.org.springframework.web.client level set to DEBUG
log4j: Adding appender named [console] to category [log4j.logger.org.springframework.web.client].
log4j: Retreiving an instance of org.apache.log4j.Logger.
log4j: Setting [org.springframework.ws.client.MessageTracing] additivity to [true].
log4j: Level value for org.springframework.ws.client.MessageTracing is  [TRACE].
log4j: org.springframework.ws.client.MessageTracing level set to TRACE
log4j: Retreiving an instance of org.apache.log4j.Logger.
log4j: Setting [org.springframework.ws.server.MessageTracing] additivity to [true].
log4j: Level value for org.springframework.ws.server.MessageTracing is  [TRACE].
log4j: org.springframework.ws.server.MessageTracing level set to TRACE
2018-05-26 16:34:58 INFO  ZooKeeper:100 - Client environment:zookeeper.version=3.4.10-39d3a4f269333c922ed3db283be479f9deacaa0f, built on 03/23/2017 10:13 GMT
2018-05-26 16:34:58 INFO  ZooKeeper:100 - Client environment:host.name=pi-phd
2018-05-26 16:34:58 INFO  ZooKeeper:100 - Client environment:java.version=1.8.0_65
2018-05-26 16:34:58 INFO  ZooKeeper:100 - Client environment:java.vendor=Oracle Corporation
2018-05-26 16:34:58 INFO  ZooKeeper:100 - Client environment:java.home=/usr/lib/jvm/jdk-8-oracle-arm32-vfp-hflt/jre
2018-05-26 16:34:58 INFO  ZooKeeper:100 - Client environment:java.class.path=full/target/full-1.0-SNAPSHOT-jar-with-dependencies.jar
2018-05-26 16:34:58 INFO  ZooKeeper:100 - Client environment:java.library.path=/usr/java/packages/lib/arm:/lib:/usr/lib
2018-05-26 16:34:58 INFO  ZooKeeper:100 - Client environment:java.io.tmpdir=/tmp
2018-05-26 16:34:58 INFO  ZooKeeper:100 - Client environment:java.compiler=<NA>
2018-05-26 16:34:58 INFO  ZooKeeper:100 - Client environment:os.name=Linux
2018-05-26 16:34:58 INFO  ZooKeeper:100 - Client environment:os.arch=arm
2018-05-26 16:34:58 INFO  ZooKeeper:100 - Client environment:os.version=4.9.59-v7+
2018-05-26 16:34:58 INFO  ZooKeeper:100 - Client environment:user.name=root
2018-05-26 16:34:58 INFO  ZooKeeper:100 - Client environment:user.home=/root
2018-05-26 16:34:58 INFO  ZooKeeper:100 - Client environment:user.dir=/home/pi/bm_java
2018-05-26 16:34:58 INFO  ZooKeeper:438 - Initiating client connection, connectString=server.local:2181 sessionTimeout=10000 watcher=null
2018-05-26 16:34:58 DEBUG ClientCnxn:117 - zookeeper.disableAutoWatchReset is false
2018-05-26 16:34:58 INFO  ClientCnxn:1032 - Opening socket connection to server server.local/192.168.1.3:2181. Will not attempt to authenticate using SASL (unknown error)
2018-05-26 16:34:58 INFO  ClientCnxn:876 - Socket connection established to server.local/192.168.1.3:2181, initiating session
2018-05-26 16:34:59 DEBUG ClientCnxn:949 - Session establishment request sent on server.local/192.168.1.3:2181
2018-05-26 16:34:59 INFO  ClientCnxn:1299 - Session establishment complete on server server.local/192.168.1.3:2181, sessionid = 0x1639caa66d8000c, negotiated timeout = 10000
2018-05-26 16:34:59 ERROR ClientCnxn:532 - Error while calling watcher 
java.lang.NullPointerException
	at org.apache.zookeeper.ClientCnxn$EventThread.processEvent(ClientCnxn.java:530)
	at org.apache.zookeeper.ClientCnxn$EventThread.run(ClientCnxn.java:505)
2018-05-26 16:34:59 DEBUG ClientCnxn:843 - Reading reply sessionid:0x1639caa66d8000c, packet:: clientPath:null serverPath:null finished:false header:: 1,8  replyHeader:: 1,1088,0  request:: '/brokers/ids,F  response:: v{'1001,'1002} 
2018-05-26 16:34:59 DEBUG ClientCnxn:843 - Reading reply sessionid:0x1639caa66d8000c, packet:: clientPath:null serverPath:null finished:false header:: 2,4  replyHeader:: 2,1088,0  request:: '/brokers/ids/1001,F  response:: #7b226c697374656e65725f73656375726974795f70726f746f636f6c5f6d6170223a7b22504c41494e54455854223a22504c41494e54455854227d2c22656e64706f696e7473223a5b22504c41494e544558543a2f2f3139322e3136382e312e333a3332373638225d2c226a6d785f706f7274223a313039392c22686f7374223a223139322e3136382e312e33222c2274696d657374616d70223a2231353237333431383137343034222c22706f7274223a33323736382c2276657273696f6e223a347d,s{902,902,1527341817435,1527341817435,0,0,0,100095872416088065,196,0,902} 
{"listener_security_protocol_map":{"PLAINTEXT":"PLAINTEXT"},"endpoints":["PLAINTEXT://192.168.1.3:32768"],"jmx_port":1099,"host":"192.168.1.3","timestamp":"1527341817404","port":32768,"version":4}
2018-05-26 16:35:00 DEBUG ClientCnxn:843 - Reading reply sessionid:0x1639caa66d8000c, packet:: clientPath:null serverPath:null finished:false header:: 3,4  replyHeader:: 3,1088,0  request:: '/brokers/ids/1002,F  response:: #7b226c697374656e65725f73656375726974795f70726f746f636f6c5f6d6170223a7b22504c41494e54455854223a22504c41494e54455854227d2c22656e64706f696e7473223a5b22504c41494e544558543a2f2f3139322e3136382e312e333a3332373639225d2c226a6d785f706f7274223a313039382c22686f7374223a223139322e3136382e312e33222c2274696d657374616d70223a2231353237333431383137363736222c22706f7274223a33323736392c2276657273696f6e223a347d,s{905,905,1527341817724,1527341817724,0,0,0,100095872416088064,196,0,905} 
{"listener_security_protocol_map":{"PLAINTEXT":"PLAINTEXT"},"endpoints":["PLAINTEXT://192.168.1.3:32769"],"jmx_port":1098,"host":"192.168.1.3","timestamp":"1527341817676","port":32769,"version":4}
2018-05-26 16:35:00 INFO  ProducerConfig:223 - ProducerConfig values: 
	acks = all
	batch.size = 16384
	bootstrap.servers = [PLAINTEXT://192.168.1.3:32768, PLAINTEXT://192.168.1.3:32769]
	buffer.memory = 33554432
	client.id = 
	compression.type = none
	connections.max.idle.ms = 540000
	enable.idempotence = false
	interceptor.classes = null
	key.serializer = class org.apache.kafka.common.serialization.StringSerializer
	linger.ms = 1
	max.block.ms = 60000
	max.in.flight.requests.per.connection = 5
	max.request.size = 1048576
	metadata.max.age.ms = 300000
	metric.reporters = []
	metrics.num.samples = 2
	metrics.recording.level = INFO
	metrics.sample.window.ms = 30000
	partitioner.class = class org.apache.kafka.clients.producer.internals.DefaultPartitioner
	receive.buffer.bytes = 32768
	reconnect.backoff.max.ms = 1000
	reconnect.backoff.ms = 50
	request.timeout.ms = 30000
	retries = 0
	retry.backoff.ms = 100
	sasl.jaas.config = null
	sasl.kerberos.kinit.cmd = /usr/bin/kinit
	sasl.kerberos.min.time.before.relogin = 60000
	sasl.kerberos.service.name = null
	sasl.kerberos.ticket.renew.jitter = 0.05
	sasl.kerberos.ticket.renew.window.factor = 0.8
	sasl.mechanism = GSSAPI
	security.protocol = PLAINTEXT
	send.buffer.bytes = 131072
	ssl.cipher.suites = null
	ssl.enabled.protocols = [TLSv1.2, TLSv1.1, TLSv1]
	ssl.endpoint.identification.algorithm = null
	ssl.key.password = null
	ssl.keymanager.algorithm = SunX509
	ssl.keystore.location = null
	ssl.keystore.password = null
	ssl.keystore.type = JKS
	ssl.protocol = TLS
	ssl.provider = null
	ssl.secure.random.implementation = null
	ssl.trustmanager.algorithm = PKIX
	ssl.truststore.location = null
	ssl.truststore.password = null
	ssl.truststore.type = JKS
	transaction.timeout.ms = 60000
	transactional.id = null
	value.serializer = class org.apache.kafka.common.serialization.StringSerializer

2018-05-26 16:35:01 DEBUG Metrics:403 - Added sensor with name bufferpool-wait-time
2018-05-26 16:35:01 DEBUG Metrics:403 - Added sensor with name buffer-exhausted-records
2018-05-26 16:35:01 DEBUG Metadata:252 - Updated cluster metadata version 1 to Cluster(id = null, nodes = [192.168.1.3:32768 (id: -1 rack: null), 192.168.1.3:32769 (id: -2 rack: null)], partitions = [])
2018-05-26 16:35:01 DEBUG Metrics:403 - Added sensor with name produce-throttle-time
2018-05-26 16:35:01 DEBUG Metrics:403 - Added sensor with name connections-closed:
2018-05-26 16:35:01 DEBUG Metrics:403 - Added sensor with name connections-created:
2018-05-26 16:35:01 DEBUG Metrics:403 - Added sensor with name bytes-sent-received:
2018-05-26 16:35:01 DEBUG Metrics:403 - Added sensor with name bytes-sent:
2018-05-26 16:35:01 DEBUG Metrics:403 - Added sensor with name bytes-received:
2018-05-26 16:35:01 DEBUG Metrics:403 - Added sensor with name select-time:
2018-05-26 16:35:01 DEBUG Metrics:403 - Added sensor with name io-time:
2018-05-26 16:35:01 DEBUG Metrics:403 - Added sensor with name batch-size
2018-05-26 16:35:01 DEBUG Metrics:403 - Added sensor with name compression-rate
2018-05-26 16:35:01 DEBUG Metrics:403 - Added sensor with name queue-time
2018-05-26 16:35:01 DEBUG Metrics:403 - Added sensor with name request-time
2018-05-26 16:35:01 DEBUG Metrics:403 - Added sensor with name records-per-request
2018-05-26 16:35:01 DEBUG Metrics:403 - Added sensor with name record-retries
2018-05-26 16:35:01 DEBUG Metrics:403 - Added sensor with name errors
2018-05-26 16:35:01 DEBUG Metrics:403 - Added sensor with name record-size-max
2018-05-26 16:35:01 DEBUG Metrics:403 - Added sensor with name batch-split-rate
2018-05-26 16:35:01 DEBUG Sender:157 - Starting Kafka producer I/O thread.
2018-05-26 16:35:01 INFO  AppInfoParser:83 - Kafka version : 0.11.0.1
2018-05-26 16:35:01 INFO  AppInfoParser:84 - Kafka commitId : c2a0d5f9b1f45bf5
2018-05-26 16:35:01 DEBUG KafkaProducer:411 - Kafka producer with client id producer-1 created
data-20170716-15.csv
2018-05-26 16:35:02 DEBUG NetworkClient:907 - Initialize connection to node 192.168.1.3:32769 (id: -2 rack: null) for sending metadata request
2018-05-26 16:35:02 DEBUG NetworkClient:762 - Initiating connection to node 192.168.1.3:32769 (id: -2 rack: null)
2018-05-26 16:35:02 DEBUG Metrics:403 - Added sensor with name node--2.bytes-sent
2018-05-26 16:35:02 DEBUG Metrics:403 - Added sensor with name node--2.bytes-received
2018-05-26 16:35:02 DEBUG Metrics:403 - Added sensor with name node--2.latency
2018-05-26 16:35:02 DEBUG Selector:365 - Created socket with SO_RCVBUF = 32768, SO_SNDBUF = 131072, SO_TIMEOUT = 0 to node -2
2018-05-26 16:35:02 DEBUG NetworkClient:724 - Completed connection to node -2. Fetching API versions.
2018-05-26 16:35:02 DEBUG NetworkClient:738 - Initiating API versions fetch from node -2.
2018-05-26 16:35:03 DEBUG NetworkClient:907 - Initialize connection to node 192.168.1.3:32768 (id: -1 rack: null) for sending metadata request
2018-05-26 16:35:03 DEBUG NetworkClient:762 - Initiating connection to node 192.168.1.3:32768 (id: -1 rack: null)
2018-05-26 16:35:03 DEBUG Metrics:403 - Added sensor with name node--1.bytes-sent
2018-05-26 16:35:03 DEBUG Metrics:403 - Added sensor with name node--1.bytes-received
2018-05-26 16:35:03 DEBUG Metrics:403 - Added sensor with name node--1.latency
2018-05-26 16:35:03 DEBUG Selector:365 - Created socket with SO_RCVBUF = 32768, SO_SNDBUF = 131072, SO_TIMEOUT = 0 to node -1
2018-05-26 16:35:03 DEBUG NetworkClient:691 - Recorded API versions for node -2: (Produce(0): 0 to 5 [usable: 3], Fetch(1): 0 to 6 [usable: 5], Offsets(2): 0 to 2 [usable: 2], Metadata(3): 0 to 5 [usable: 4], LeaderAndIsr(4): 0 to 1 [usable: 0], StopReplica(5): 0 [usable: 0], UpdateMetadata(6): 0 to 4 [usable: 3], ControlledShutdown(7): 0 to 1 [usable: 1], OffsetCommit(8): 0 to 3 [usable: 3], OffsetFetch(9): 0 to 3 [usable: 3], FindCoordinator(10): 0 to 1 [usable: 1], JoinGroup(11): 0 to 2 [usable: 2], Heartbeat(12): 0 to 1 [usable: 1], LeaveGroup(13): 0 to 1 [usable: 1], SyncGroup(14): 0 to 1 [usable: 1], DescribeGroups(15): 0 to 1 [usable: 1], ListGroups(16): 0 to 1 [usable: 1], SaslHandshake(17): 0 to 1 [usable: 0], ApiVersions(18): 0 to 1 [usable: 1], CreateTopics(19): 0 to 2 [usable: 2], DeleteTopics(20): 0 to 1 [usable: 1], DeleteRecords(21): 0 [usable: 0], InitProducerId(22): 0 [usable: 0], OffsetForLeaderEpoch(23): 0 [usable: 0], AddPartitionsToTxn(24): 0 [usable: 0], AddOffsetsToTxn(25): 0 [usable: 0], EndTxn(26): 0 [usable: 0], WriteTxnMarkers(27): 0 [usable: 0], TxnOffsetCommit(28): 0 [usable: 0], DescribeAcls(29): 0 [usable: 0], CreateAcls(30): 0 [usable: 0], DeleteAcls(31): 0 [usable: 0], DescribeConfigs(32): 0 [usable: 0], AlterConfigs(33): 0 [usable: 0], UNKNOWN(34): 0, UNKNOWN(35): 0, UNKNOWN(36): 0, UNKNOWN(37): 0)
2018-05-26 16:35:03 DEBUG NetworkClient:724 - Completed connection to node -1. Fetching API versions.
2018-05-26 16:35:03 DEBUG NetworkClient:738 - Initiating API versions fetch from node -1.
2018-05-26 16:35:03 DEBUG NetworkClient:891 - Sending metadata request (type=MetadataRequest, topics=AppliancesBucket) to node 192.168.1.3:32769 (id: -2 rack: null)
2018-05-26 16:35:03 DEBUG NetworkClient:691 - Recorded API versions for node -1: (Produce(0): 0 to 5 [usable: 3], Fetch(1): 0 to 6 [usable: 5], Offsets(2): 0 to 2 [usable: 2], Metadata(3): 0 to 5 [usable: 4], LeaderAndIsr(4): 0 to 1 [usable: 0], StopReplica(5): 0 [usable: 0], UpdateMetadata(6): 0 to 4 [usable: 3], ControlledShutdown(7): 0 to 1 [usable: 1], OffsetCommit(8): 0 to 3 [usable: 3], OffsetFetch(9): 0 to 3 [usable: 3], FindCoordinator(10): 0 to 1 [usable: 1], JoinGroup(11): 0 to 2 [usable: 2], Heartbeat(12): 0 to 1 [usable: 1], LeaveGroup(13): 0 to 1 [usable: 1], SyncGroup(14): 0 to 1 [usable: 1], DescribeGroups(15): 0 to 1 [usable: 1], ListGroups(16): 0 to 1 [usable: 1], SaslHandshake(17): 0 to 1 [usable: 0], ApiVersions(18): 0 to 1 [usable: 1], CreateTopics(19): 0 to 2 [usable: 2], DeleteTopics(20): 0 to 1 [usable: 1], DeleteRecords(21): 0 [usable: 0], InitProducerId(22): 0 [usable: 0], OffsetForLeaderEpoch(23): 0 [usable: 0], AddPartitionsToTxn(24): 0 [usable: 0], AddOffsetsToTxn(25): 0 [usable: 0], EndTxn(26): 0 [usable: 0], WriteTxnMarkers(27): 0 [usable: 0], TxnOffsetCommit(28): 0 [usable: 0], DescribeAcls(29): 0 [usable: 0], CreateAcls(30): 0 [usable: 0], DeleteAcls(31): 0 [usable: 0], DescribeConfigs(32): 0 [usable: 0], AlterConfigs(33): 0 [usable: 0], UNKNOWN(34): 0, UNKNOWN(35): 0, UNKNOWN(36): 0, UNKNOWN(37): 0)
2018-05-26 16:35:03 DEBUG Metadata:252 - Updated cluster metadata version 2 to Cluster(id = UFll2pptSFiQPqyhyWAlEg, nodes = [192.168.1.3:32768 (id: 1001 rack: null), 192.168.1.3:32769 (id: 1002 rack: null)], partitions = [Partition(topic = AppliancesBucket, partition = 0, leader = 1002, replicas = [1002,1001], isr = [1001,1002]), Partition(topic = AppliancesBucket, partition = 1, leader = 1001, replicas = [1001,1002], isr = [1002,1001])])
2018-05-26 16:35:03 DEBUG NetworkClient:762 - Initiating connection to node 192.168.1.3:32769 (id: 1002 rack: null)
2018-05-26 16:35:03 DEBUG Metrics:403 - Added sensor with name node-1002.bytes-sent
2018-05-26 16:35:03 DEBUG Metrics:403 - Added sensor with name node-1002.bytes-received
2018-05-26 16:35:03 DEBUG Metrics:403 - Added sensor with name node-1002.latency
2018-05-26 16:35:03 DEBUG Selector:365 - Created socket with SO_RCVBUF = 32768, SO_SNDBUF = 131072, SO_TIMEOUT = 0 to node 1002
2018-05-26 16:35:03 DEBUG NetworkClient:724 - Completed connection to node 1002. Fetching API versions.
2018-05-26 16:35:03 DEBUG NetworkClient:738 - Initiating API versions fetch from node 1002.
2018-05-26 16:35:03 DEBUG NetworkClient:691 - Recorded API versions for node 1002: (Produce(0): 0 to 5 [usable: 3], Fetch(1): 0 to 6 [usable: 5], Offsets(2): 0 to 2 [usable: 2], Metadata(3): 0 to 5 [usable: 4], LeaderAndIsr(4): 0 to 1 [usable: 0], StopReplica(5): 0 [usable: 0], UpdateMetadata(6): 0 to 4 [usable: 3], ControlledShutdown(7): 0 to 1 [usable: 1], OffsetCommit(8): 0 to 3 [usable: 3], OffsetFetch(9): 0 to 3 [usable: 3], FindCoordinator(10): 0 to 1 [usable: 1], JoinGroup(11): 0 to 2 [usable: 2], Heartbeat(12): 0 to 1 [usable: 1], LeaveGroup(13): 0 to 1 [usable: 1], SyncGroup(14): 0 to 1 [usable: 1], DescribeGroups(15): 0 to 1 [usable: 1], ListGroups(16): 0 to 1 [usable: 1], SaslHandshake(17): 0 to 1 [usable: 0], ApiVersions(18): 0 to 1 [usable: 1], CreateTopics(19): 0 to 2 [usable: 2], DeleteTopics(20): 0 to 1 [usable: 1], DeleteRecords(21): 0 [usable: 0], InitProducerId(22): 0 [usable: 0], OffsetForLeaderEpoch(23): 0 [usable: 0], AddPartitionsToTxn(24): 0 [usable: 0], AddOffsetsToTxn(25): 0 [usable: 0], EndTxn(26): 0 [usable: 0], WriteTxnMarkers(27): 0 [usable: 0], TxnOffsetCommit(28): 0 [usable: 0], DescribeAcls(29): 0 [usable: 0], CreateAcls(30): 0 [usable: 0], DeleteAcls(31): 0 [usable: 0], DescribeConfigs(32): 0 [usable: 0], AlterConfigs(33): 0 [usable: 0], UNKNOWN(34): 0, UNKNOWN(35): 0, UNKNOWN(36): 0, UNKNOWN(37): 0)
2018-05-26 16:35:03 DEBUG Metrics:403 - Added sensor with name topic.AppliancesBucket.records-per-batch
2018-05-26 16:35:03 DEBUG Metrics:403 - Added sensor with name topic.AppliancesBucket.bytes
2018-05-26 16:35:03 DEBUG Metrics:403 - Added sensor with name topic.AppliancesBucket.compression-rate
2018-05-26 16:35:03 DEBUG Metrics:403 - Added sensor with name topic.AppliancesBucket.record-retries
2018-05-26 16:35:03 DEBUG Metrics:403 - Added sensor with name topic.AppliancesBucket.record-errors
2018-05-26 16:35:03 DEBUG NetworkClient:762 - Initiating connection to node 192.168.1.3:32768 (id: 1001 rack: null)
2018-05-26 16:35:03 DEBUG Metrics:403 - Added sensor with name node-1001.bytes-sent
2018-05-26 16:35:03 DEBUG Metrics:403 - Added sensor with name node-1001.bytes-received
2018-05-26 16:35:03 DEBUG Metrics:403 - Added sensor with name node-1001.latency
2018-05-26 16:35:03 DEBUG Selector:365 - Created socket with SO_RCVBUF = 32768, SO_SNDBUF = 131072, SO_TIMEOUT = 0 to node 1001
2018-05-26 16:35:03 DEBUG NetworkClient:724 - Completed connection to node 1001. Fetching API versions.
2018-05-26 16:35:03 DEBUG NetworkClient:738 - Initiating API versions fetch from node 1001.
2018-05-26 16:35:03 DEBUG NetworkClient:691 - Recorded API versions for node 1001: (Produce(0): 0 to 5 [usable: 3], Fetch(1): 0 to 6 [usable: 5], Offsets(2): 0 to 2 [usable: 2], Metadata(3): 0 to 5 [usable: 4], LeaderAndIsr(4): 0 to 1 [usable: 0], StopReplica(5): 0 [usable: 0], UpdateMetadata(6): 0 to 4 [usable: 3], ControlledShutdown(7): 0 to 1 [usable: 1], OffsetCommit(8): 0 to 3 [usable: 3], OffsetFetch(9): 0 to 3 [usable: 3], FindCoordinator(10): 0 to 1 [usable: 1], JoinGroup(11): 0 to 2 [usable: 2], Heartbeat(12): 0 to 1 [usable: 1], LeaveGroup(13): 0 to 1 [usable: 1], SyncGroup(14): 0 to 1 [usable: 1], DescribeGroups(15): 0 to 1 [usable: 1], ListGroups(16): 0 to 1 [usable: 1], SaslHandshake(17): 0 to 1 [usable: 0], ApiVersions(18): 0 to 1 [usable: 1], CreateTopics(19): 0 to 2 [usable: 2], DeleteTopics(20): 0 to 1 [usable: 1], DeleteRecords(21): 0 [usable: 0], InitProducerId(22): 0 [usable: 0], OffsetForLeaderEpoch(23): 0 [usable: 0], AddPartitionsToTxn(24): 0 [usable: 0], AddOffsetsToTxn(25): 0 [usable: 0], EndTxn(26): 0 [usable: 0], WriteTxnMarkers(27): 0 [usable: 0], TxnOffsetCommit(28): 0 [usable: 0], DescribeAcls(29): 0 [usable: 0], CreateAcls(30): 0 [usable: 0], DeleteAcls(31): 0 [usable: 0], DescribeConfigs(32): 0 [usable: 0], AlterConfigs(33): 0 [usable: 0], UNKNOWN(34): 0, UNKNOWN(35): 0, UNKNOWN(36): 0, UNKNOWN(37): 0)
2018-05-26 16:35:03 DEBUG ClientCnxn:742 - Got ping response for sessionid: 0x1639caa66d8000c after 3ms
2018-05-26 16:35:07 DEBUG ClientCnxn:742 - Got ping response for sessionid: 0x1639caa66d8000c after 2ms
2018-05-26 16:35:10 DEBUG ClientCnxn:742 - Got ping response for sessionid: 0x1639caa66d8000c after 2ms
data-20170716-16.csv
2018-05-26 16:35:13 DEBUG ClientCnxn:742 - Got ping response for sessionid: 0x1639caa66d8000c after 1ms
2018-05-26 16:35:17 DEBUG ClientCnxn:742 - Got ping response for sessionid: 0x1639caa66d8000c after 2ms
2018-05-26 16:35:20 DEBUG ClientCnxn:742 - Got ping response for sessionid: 0x1639caa66d8000c after 2ms
2018-05-26 16:35:23 DEBUG ClientCnxn:742 - Got ping response for sessionid: 0x1639caa66d8000c after 2ms
2018-05-26 16:35:27 DEBUG ClientCnxn:742 - Got ping response for sessionid: 0x1639caa66d8000c after 2ms
data-20170716-17.csv
2018-05-26 16:35:30 DEBUG ClientCnxn:742 - Got ping response for sessionid: 0x1639caa66d8000c after 2ms
2018-05-26 16:35:33 DEBUG ClientCnxn:742 - Got ping response for sessionid: 0x1639caa66d8000c after 2ms
2018-05-26 16:35:37 DEBUG ClientCnxn:742 - Got ping response for sessionid: 0x1639caa66d8000c after 2ms
2018-05-26 16:35:40 DEBUG ClientCnxn:742 - Got ping response for sessionid: 0x1639caa66d8000c after 1ms
data-20170716-18.csv
2018-05-26 16:35:44 DEBUG ClientCnxn:742 - Got ping response for sessionid: 0x1639caa66d8000c after 1ms
2018-05-26 16:35:47 DEBUG ClientCnxn:742 - Got ping response for sessionid: 0x1639caa66d8000c after 10ms
2018-05-26 16:35:50 DEBUG ClientCnxn:742 - Got ping response for sessionid: 0x1639caa66d8000c after 2ms
2018-05-26 16:35:54 DEBUG ClientCnxn:742 - Got ping response for sessionid: 0x1639caa66d8000c after 2ms
2018-05-26 16:35:57 DEBUG ClientCnxn:742 - Got ping response for sessionid: 0x1639caa66d8000c after 2ms
data-20170716-19.csv
2018-05-26 16:36:00 DEBUG ClientCnxn:742 - Got ping response for sessionid: 0x1639caa66d8000c after 2ms
data-20170716-20.csv
2018-05-26 16:36:04 DEBUG ClientCnxn:742 - Got ping response for sessionid: 0x1639caa66d8000c after 2ms
2018-05-26 16:36:07 DEBUG ClientCnxn:742 - Got ping response for sessionid: 0x1639caa66d8000c after 2ms
2018-05-26 16:36:10 DEBUG ClientCnxn:742 - Got ping response for sessionid: 0x1639caa66d8000c after 2ms
2018-05-26 16:36:14 DEBUG ClientCnxn:742 - Got ping response for sessionid: 0x1639caa66d8000c after 2ms
2018-05-26 16:36:17 DEBUG ClientCnxn:742 - Got ping response for sessionid: 0x1639caa66d8000c after 2ms
data-20170716-21.csv
2018-05-26 16:36:20 DEBUG ClientCnxn:742 - Got ping response for sessionid: 0x1639caa66d8000c after 2ms
I'm done!!
Files: 7
Samples: 2580480
Packets: 2520
Pending Messages: 1
Messages: 2520
2018-05-26 16:36:23 DEBUG ZooKeeper:673 - Closing session: 0x1639caa66d8000c
2018-05-26 16:36:23 DEBUG ClientCnxn:1370 - Closing client for session: 0x1639caa66d8000c
2018-05-26 16:36:23 DEBUG ClientCnxn:843 - Reading reply sessionid:0x1639caa66d8000c, packet:: clientPath:null serverPath:null finished:false header:: 4,-11  replyHeader:: 4,1089,0  request:: null response:: null
2018-05-26 16:36:23 DEBUG ClientCnxn:1354 - Disconnecting client for session: 0x1639caa66d8000c
2018-05-26 16:36:23 INFO  ZooKeeper:684 - Session: 0x1639caa66d8000c closed
2018-05-26 16:36:23 INFO  ClientCnxn:519 - EventThread shut down for session: 0x1639caa66d8000c
2018-05-26 16:36:23 DEBUG ClientCnxn:1146 - An exception was thrown while closing send thread for session 0x1639caa66d8000c : Unable to read additional data from server sessionid 0x1639caa66d8000c, likely server has closed socket
2018-05-26 16:36:23 INFO  KafkaProducer:1017 - Closing the Kafka producer with timeoutMillis = 9223372036854775807 ms.
2018-05-26 16:36:23 DEBUG Sender:168 - Beginning shutdown of Kafka producer I/O thread, sending remaining records.
2018-05-26 16:36:23 DEBUG Metrics:436 - Removed sensor with name connections-closed:
2018-05-26 16:36:23 DEBUG Metrics:436 - Removed sensor with name connections-created:
2018-05-26 16:36:23 DEBUG Metrics:436 - Removed sensor with name bytes-sent-received:
2018-05-26 16:36:23 DEBUG Metrics:436 - Removed sensor with name bytes-sent:
2018-05-26 16:36:23 DEBUG Metrics:436 - Removed sensor with name bytes-received:
2018-05-26 16:36:23 DEBUG Metrics:436 - Removed sensor with name select-time:
2018-05-26 16:36:23 DEBUG Metrics:436 - Removed sensor with name io-time:
2018-05-26 16:36:23 DEBUG Metrics:436 - Removed sensor with name node--2.bytes-sent
2018-05-26 16:36:23 DEBUG Metrics:436 - Removed sensor with name node--2.bytes-received
2018-05-26 16:36:23 DEBUG Metrics:436 - Removed sensor with name node--2.latency
2018-05-26 16:36:23 DEBUG Metrics:436 - Removed sensor with name node--1.bytes-sent
2018-05-26 16:36:23 DEBUG Metrics:436 - Removed sensor with name node--1.bytes-received
2018-05-26 16:36:23 DEBUG Metrics:436 - Removed sensor with name node--1.latency
2018-05-26 16:36:23 DEBUG Metrics:436 - Removed sensor with name node-1002.bytes-sent
2018-05-26 16:36:23 DEBUG Metrics:436 - Removed sensor with name node-1002.bytes-received
2018-05-26 16:36:23 DEBUG Metrics:436 - Removed sensor with name node-1002.latency
2018-05-26 16:36:23 DEBUG Metrics:436 - Removed sensor with name node-1001.bytes-sent
2018-05-26 16:36:23 DEBUG Metrics:436 - Removed sensor with name node-1001.bytes-received
2018-05-26 16:36:23 DEBUG Metrics:436 - Removed sensor with name node-1001.latency
2018-05-26 16:36:23 DEBUG Sender:191 - Shutdown of Kafka producer I/O thread has completed.
2018-05-26 16:36:23 DEBUG KafkaProducer:1060 - Kafka producer with client id producer-1 has been closed
Total time: 86476 ms
argv[0]: lpm
argv[1]: -o
argv[2]: JAVA_KAFKA_MEM_1.txt
argv[3]: -s
argv[4]: java
argv[5]: -jar
argv[6]: full/target/full-1.0-SNAPSHOT-jar-with-dependencies.jar
argv[7]: -d
argv[8]: 0Initial
argv[9]: -p
argv[10]: KAFKA
Exec: java -jar full/target/full-1.0-SNAPSHOT-jar-with-dependencies.jar -d 0Initial -p KAFKA 
Monitors out to: JAVA_KAFKA_MEM_1.txt
Run Time: 87154 ms
Monitored data written to: JAVA_KAFKA_MEM_1.txt
