Hello World
Start 0.1.0
Parsing full
Protocol: KAFKA
DataSet: 0Initial
Server: server.local
Mode: Test
Request connection to server.local -> server.local:2181
Found brokers 192.168.1.3:32769,192.168.1.3:32768
Reading Dataset: 0Initial
data-20170716-15.csv
data-20170716-16.csv
data-20170716-17.csv
data-20170716-18.csv
data-20170716-19.csv
data-20170716-20.csv
data-20170716-21.csv
Files: 7
Samples: 2580480
Packets: 2520
Messages: 2520
Time: 18504.240234 ms
argv[0]: lpm
argv[1]: -o
argv[2]: C_KAFKA_MEM_4.txt
argv[3]: -s
argv[4]: ../build/bmc_full
argv[5]: -d
argv[6]: 0Initial
argv[7]: -p
argv[8]: KAFKA
Exec: ../build/bmc_full -d 0Initial -p KAFKA 
Monitors out to: C_KAFKA_MEM_4.txt
Run Time: 18826 ms
Monitored data written to: C_KAFKA_MEM_4.txt
