Server: server.local
Continous: False
DataSet: 0Initial
Protocol: REST
Reading DataSet: ./data/sets/0Initial
./data/sets/0Initial/data-20170716-15.csv
./data/sets/0Initial/data-20170716-16.csv
./data/sets/0Initial/data-20170716-17.csv
./data/sets/0Initial/data-20170716-18.csv
./data/sets/0Initial/data-20170716-19.csv
./data/sets/0Initial/data-20170716-20.csv
./data/sets/0Initial/data-20170716-21.csv
Files: 7
Samples: 2580480
Packets: 2520
Messages: 2520
Time: 382215.248884ms
argv[0]: lpm
argv[1]: -o
argv[2]: PYTHON_REST_MEM_2.txt
argv[3]: -s
argv[4]: python3
argv[5]: main.py
argv[6]: -d
argv[7]: 0Initial
argv[8]: -p
argv[9]: REST
Exec: python3 main.py -d 0Initial -p REST 
Monitors out to: PYTHON_REST_MEM_2.txt
Run Time: 392874 ms
Monitored data written to: PYTHON_REST_MEM_2.txt
